Info: Starting: Create simulation model
Info: qsys-generate D:\altera\WORK\vga\pll.qsys --simulation=VERILOG --output-directory=D:\altera\WORK\vga\pll\simulation --family="Cyclone V" --part=5CSEMA5F31C6
Progress: Loading vga/pll.qsys
Progress: Reading input file
Progress: Adding video_pll_0 [altera_up_avalon_video_pll 15.0]
Progress: Parameterizing module video_pll_0
Progress: Building connections
Progress: Parameterizing connections
Progress: Validating
Progress: Done reading input file
Info: pll: Generating pll "pll" for SIM_VERILOG
Info: video_pll_0: "pll" instantiated altera_up_avalon_video_pll "video_pll_0"
Info: video_pll: Generating simgen model
Info: video_pll: Info: ******************************************************************* Info: Running Quartus II 64-Bit Shell     Info: Version 15.0.0 Build 145 04/22/2015 Patches 0.01we SJ Web Edition     Info: Copyright (C) 1991-2015 Altera Corporation. All rights reserved.     Info: Your use of Altera Corporation's design tools, logic functions      Info: and other software and tools, and its AMPP partner logic      Info: functions, and any output files from any of the foregoing      Info: (including device programming or simulation files), and any      Info: associated documentation or information are expressly subject      Info: to the terms and conditions of the Altera Program License      Info: Subscription Agreement, the Altera Quartus II License Agreement,     Info: the Altera MegaCore Function License Agreement, or other      Info: applicable license agreement, including, without limitation,      Info: that your use is for the sole purpose of programming logic      Info: devices manufactured by Altera and sold by Altera or its      Info: authorized distributors.  Please refer to the applicable      Info: agreement for further details.     Info: Processing started: Mon Feb 29 15:09:08 2016 Info: Command: quartus_sh -t run_simgen_cmd.tcl Info: ******************************************************************* Info: Running Quartus II 64-Bit Analysis & Synthesis     Info: Version 15.0.0 Build 145 04/22/2015 Patches 0.01we SJ Web Edition     Info: Copyright (C) 1991-2015 Altera Corporation. All rights reserved.     Info: Your use of Altera Corporation's design tools, logic functions      Info: and other software and tools, and its AMPP partner logic      Info: functions, and any output files from any of the foregoing      Info: (including device programming or simulation files), and any      Info: associated documentation or information are expressly subject      Info: to the terms and conditions of the Altera Program License      Info: Subscription Agreement, the Altera Quartus II License Agreement,     Info: the Altera MegaCore Function License Agreement, or other      Info: applicable license agreement, including, without limitation,      Info: that your use is for the sole purpose of programming logic      Info: devices manufactured by Altera and sold by Altera or its      Info: authorized distributors.  Please refer to the applicable      Info: agreement for further details.     Info: Processing started: Mon Feb 29 15:09:11 2016 Info: Command: quartus_map pll_video_pll_0_video_pll.qpf --simgen --ini=disable_check_quartus_compatibility_qsys_only=on --simgen_parameter=CBX_HDL_LANGUAGE=VERILOG Info (20034): Auto device selection is not supported for Cyclone V device family. The default device, 5CGXFC7C7F23C8, is set. Warning (20028): Parallel compilation is not licensed and has been disabled Info (12021): Found 1 design units, including 1 entities, in source file pll_video_pll_0_video_pll.v     Info (12023): Found entity 1: pll_video_pll_0_video_pll Info (12127): Elaborating entity "pll_video_pll_0_video_pll" for the top level hierarchy Info (12128): Elaborating entity "altera_pll" for hierarchy "altera_pll:altera_pll_i" Info (10008): Verilog HDL or VHDL information: EDA Netlist Writer cannot regroup multidimensional array "wire_to_nowhere_64" into its bus Info (12130): Elaborated megafunction instantiation "altera_pll:altera_pll_i" Info (12133): Instantiated megafunction "altera_pll:altera_pll_i" with the following parameter:     Info (12134): Parameter "fractional_vco_multiplier" = "false"     Info (12134): Parameter "reference_clock_frequency" = "50.0 MHz"     Info (12134): Parameter "operation_mode" = "direct"     Info (12134): Parameter "number_of_clocks" = "3"     Info (12134): Parameter "output_clock_frequency0" = "25.000000 MHz"     Info (12134): Parameter "phase_shift0" = "0 ps"     Info (12134): Parameter "duty_cycle0" = "50"     Info (12134): Parameter "output_clock_frequency1" = "65.000000 MHz"     Info (12134): Parameter "phase_shift1" = "0 ps"     Info (12134): Parameter "duty_cycle1" = "50"     Info (12134): Parameter "output_clock_frequency2" = "33.333333 MHz"     Info (12134): Parameter "phase_shift2" = "0 ps"     Info (12134): Parameter "duty_cycle2" = "50"     Info (12134): Parameter "output_clock_frequency3" = "0 MHz"     Info (12134): Parameter "phase_shift3" = "0 ps"     Info (12134): Parameter "duty_cycle3" = "50"     Info (12134): Parameter "output_clock_frequency4" = "0 MHz"     Info (12134): Parameter "phase_shift4" = "0 ps"     Info (12134): Parameter "duty_cycle4" = "50"     Info (12134): Parameter "output_clock_frequency5" = "0 MHz"     Info (12134): Parameter "phase_shift5" = "0 ps"     Info (12134): Parameter "duty_cycle5" = "50"     Info (12134): Parameter "output_clock_frequency6" = "0 MHz"     Info (12134): Parameter "phase_shift6" = "0 ps"     Info (12134): Parameter "duty_cycle6" = "50"     Info (12134): Parameter "output_clock_frequency7" = "0 MHz"     Info (12134): Parameter "phase_shift7" = "0 ps"     Info (12134): Parameter "duty_cycle7" = "50"     Info (12134): Parameter "output_clock_frequency8" = "0 MHz"     Info (12134): Parameter "phase_shift8" = "0 ps"     Info (12134): Parameter "duty_cycle8" = "50"     Info (12134): Parameter "output_clock_frequency9" = "0 MHz"     Info (12134): Parameter "phase_shift9" = "0 ps"     Info (12134): Parameter "duty_cycle9" = "50"     Info (12134): Parameter "output_clock_frequency10" = "0 MHz"     Info (12134): Parameter "phase_shift10" = "0 ps"     Info (12134): Parameter "duty_cycle10" = "50"     Info (12134): Parameter "output_clock_frequency11" = "0 MHz"     Info (12134): Parameter "phase_shift11" = "0 ps"     Info (12134): Parameter "duty_cycle11" = "50"     Info (12134): Parameter "output_clock_frequency12" = "0 MHz"     Info (12134): Parameter "phase_shift12" = "0 ps"     Info (12134): Parameter "duty_cycle12" = "50"     Info (12134): Parameter "output_clock_frequency13" = "0 MHz"     Info (12134): Parameter "phase_shift13" = "0 ps"     Info (12134): Parameter "duty_cycle13" = "50"     Info (12134): Parameter "output_clock_frequency14" = "0 MHz"     Info (12134): Parameter "phase_shift14" = "0 ps"     Info (12134): Parameter "duty_cycle14" = "50"     Info (12134): Parameter "output_clock_frequency15" = "0 MHz"     Info (12134): Parameter "phase_shift15" = "0 ps"     Info (12134): Parameter "duty_cycle15" = "50"     Info (12134): Parameter "output_clock_frequency16" = "0 MHz"     Info (12134): Parameter "phase_shift16" = "0 ps"     Info (12134): Parameter "duty_cycle16" = "50"     Info (12134): Parameter "output_clock_frequency17" = "0 MHz"     Info (12134): Parameter "phase_shift17" = "0 ps"     Info (12134): Parameter "duty_cycle17" = "50"     Info (12134): Parameter "pll_type" = "General"     Info (12134): Parameter "pll_subtype" = "General" Info (281010): Generating sgate simulator netlist using Simgen SIMGEN_PROGRESS Start of Model generation -- 0% complete SIMGEN_PROGRESS Phase 1 : Internal Objects created -- 25% complete SIMGEN_PROGRESS Phase 2 : Connections between internal objects made -- 60% complete SIMGEN_PROGRESS Phase 3 : Netlist generated -- 100% complete Info: Quartus II 64-Bit Analysis & Synthesis was successful. 0 errors, 1 warning     Info: Peak virtual memory: 681 megabytes     Info: Processing ended: Mon Feb 29 15:09:27 2016     Info: Elapsed time: 00:00:16     Info: Total CPU time (on all processors): 00:00:01 Info (23030): Evaluation of Tcl script run_simgen_cmd.tcl was successful Info: Quartus II 64-Bit Shell was successful. 0 errors, 0 warnings     Info: Peak virtual memory: 206 megabytes     Info: Processing ended: Mon Feb 29 15:09:28 2016     Info: Elapsed time: 00:00:20     Info: Total CPU time (on all processors): 00:00:04
Info: video_pll: Simgen was successful
Info: video_pll: "video_pll_0" instantiated altera_pll "video_pll"
Info: reset_from_locked: "video_pll_0" instantiated altera_up_avalon_reset_from_locked_signal "reset_from_locked"
Info: pll: Done "pll" with 4 modules, 4 files
Info: ip-generate succeeded.
Info: Finished: Create simulation model
Info: Starting: Create Modelsim Project.
Info: sim-script-gen --spd=D:\altera\WORK\vga\pll\pll.spd --output-directory=D:/altera/WORK/vga/pll/simulation/ --use-relative-paths=true
Info: Doing: ip-make-simscript --spd=D:\altera\WORK\vga\pll\pll.spd --output-directory=D:/altera/WORK/vga/pll/simulation/ --use-relative-paths=true
Info: Generating the following file(s) for MODELSIM simulator in D:/altera/WORK/vga/pll/simulation/ directory:
Info: 	mentor/msim_setup.tcl
Info: Generating the following file(s) for VCS simulator in D:/altera/WORK/vga/pll/simulation/ directory:
Info: 	synopsys/vcs/vcs_setup.sh
Info: Generating the following file(s) for VCSMX simulator in D:/altera/WORK/vga/pll/simulation/ directory:
Info: 	synopsys/vcsmx/synopsys_sim.setup
Info: 	synopsys/vcsmx/vcsmx_setup.sh
Info: Generating the following file(s) for NCSIM simulator in D:/altera/WORK/vga/pll/simulation/ directory:
Info: 	cadence/cds.lib
Info: 	cadence/hdl.var
Info: 	cadence/ncsim_setup.sh
Info: 	3 .cds.lib files in cadence/cds_libs/ directory
Info: Generating the following file(s) for RIVIERA simulator in D:/altera/WORK/vga/pll/simulation/ directory:
Info: 	aldec/rivierapro_setup.tcl
Info: Finished: Create Modelsim Project.
Info: Starting: Create block symbol file (.bsf)
Info: qsys-generate D:\altera\WORK\vga\pll.qsys --block-symbol-file --output-directory=D:\altera\WORK\vga\pll --family="Cyclone V" --part=5CSEMA5F31C6
Progress: Loading vga/pll.qsys
Progress: Reading input file
Progress: Adding video_pll_0 [altera_up_avalon_video_pll 15.0]
Progress: Parameterizing module video_pll_0
Progress: Building connections
Progress: Parameterizing connections
Progress: Validating
Progress: Done reading input file
Info: ip-generate succeeded.
Info: Finished: Create block symbol file (.bsf)
Info: 
Info: Starting: Create HDL design files for synthesis
Info: qsys-generate D:\altera\WORK\vga\pll.qsys --synthesis=VERILOG --output-directory=D:\altera\WORK\vga\pll\synthesis --family="Cyclone V" --part=5CSEMA5F31C6
Progress: Loading vga/pll.qsys
Progress: Reading input file
Progress: Adding video_pll_0 [altera_up_avalon_video_pll 15.0]
Progress: Parameterizing module video_pll_0
Progress: Building connections
Progress: Parameterizing connections
Progress: Validating
Progress: Done reading input file
Info: pll: Generating pll "pll" for QUARTUS_SYNTH
Info: video_pll_0: "pll" instantiated altera_up_avalon_video_pll "video_pll_0"
Info: video_pll: "video_pll_0" instantiated altera_pll "video_pll"
Info: reset_from_locked: "video_pll_0" instantiated altera_up_avalon_reset_from_locked_signal "reset_from_locked"
Info: pll: Done "pll" with 4 modules, 5 files
Info: ip-generate succeeded.
Info: Finished: Create HDL design files for synthesis
