Flow report for vga
Thu Mar 17 12:04:42 2016
Quartus Prime Version 15.1.0 Build 185 10/21/2015 SJ Lite Edition


---------------------
; Table of Contents ;
---------------------
  1. Legal Notice
  2. Flow Summary
  3. Flow Settings
  4. Flow Non-Default Global Settings
  5. Flow Elapsed Time
  6. Flow OS Summary
  7. Flow Log
  8. Flow Messages
  9. Flow Suppressed Messages



----------------
; Legal Notice ;
----------------
Copyright (C) 1991-2015 Altera Corporation. All rights reserved.
Your use of Altera Corporation's design tools, logic functions 
and other software and tools, and its AMPP partner logic 
functions, and any output files from any of the foregoing 
(including device programming or simulation files), and any 
associated documentation or information are expressly subject 
to the terms and conditions of the Altera Program License 
Subscription Agreement, the Altera Quartus Prime License Agreement,
the Altera MegaCore Function License Agreement, or other 
applicable license agreement, including, without limitation, 
that your use is for the sole purpose of programming logic 
devices manufactured by Altera and sold by Altera or its 
authorized distributors.  Please refer to the applicable 
agreement for further details.



+-------------------------------------------------------------------------------+
; Flow Summary                                                                  ;
+---------------------------------+---------------------------------------------+
; Flow Status                     ; Successful - Thu Mar 17 12:04:42 2016       ;
; Quartus Prime Version           ; 15.1.0 Build 185 10/21/2015 SJ Lite Edition ;
; Revision Name                   ; vga                                         ;
; Top-level Entity Name           ; vga                                         ;
; Family                          ; Cyclone V                                   ;
; Device                          ; 5CSEMA5F31C6                                ;
; Timing Models                   ; Final                                       ;
; Logic utilization (in ALMs)     ; 622 / 32,070 ( 2 % )                        ;
; Total registers                 ; 162                                         ;
; Total pins                      ; 84 / 457 ( 18 % )                           ;
; Total virtual pins              ; 0                                           ;
; Total block memory bits         ; 0 / 4,065,280 ( 0 % )                       ;
; Total DSP Blocks                ; 4 / 87 ( 5 % )                              ;
; Total HSSI RX PCSs              ; 0                                           ;
; Total HSSI PMA RX Deserializers ; 0                                           ;
; Total HSSI TX PCSs              ; 0                                           ;
; Total HSSI PMA TX Serializers   ; 0                                           ;
; Total PLLs                      ; 1 / 6 ( 17 % )                              ;
; Total DLLs                      ; 0 / 4 ( 0 % )                               ;
+---------------------------------+---------------------------------------------+


+-----------------------------------------+
; Flow Settings                           ;
+-------------------+---------------------+
; Option            ; Setting             ;
+-------------------+---------------------+
; Start date & time ; 03/17/2016 12:01:10 ;
; Main task         ; Compilation         ;
; Revision Name     ; vga                 ;
+-------------------+---------------------+


+--------------------------------------------------------------------------------------------------------------------------------------------+
; Flow Non-Default Global Settings                                                                                                           ;
+-------------------------------------+-------------------------------------------------------+---------------+-------------+----------------+
; Assignment Name                     ; Value                                                 ; Default Value ; Entity Name ; Section Id     ;
+-------------------------------------+-------------------------------------------------------+---------------+-------------+----------------+
; COMPILER_SIGNATURE_ID               ; 164143905090.145821606914876                          ; --            ; --          ; --             ;
; EDA_OUTPUT_DATA_FORMAT              ; Verilog Hdl                                           ; --            ; --          ; eda_simulation ;
; EDA_SIMULATION_TOOL                 ; ModelSim-Altera (Verilog)                             ; <None>        ; --          ; --             ;
; MAX_CORE_JUNCTION_TEMP              ; 85                                                    ; --            ; --          ; --             ;
; MIN_CORE_JUNCTION_TEMP              ; 0                                                     ; --            ; --          ; --             ;
; MISC_FILE                           ; pll/synthesis/../pll.cmp                              ; --            ; --          ; --             ;
; MISC_FILE                           ; pll/synthesis/../../pll.qsys                          ; --            ; --          ; --             ;
; PARTITION_COLOR                     ; 16764057                                              ; --            ; --          ; Top            ;
; PARTITION_FITTER_PRESERVATION_LEVEL ; PLACEMENT_AND_ROUTING                                 ; --            ; --          ; Top            ;
; PARTITION_NETLIST_TYPE              ; SOURCE                                                ; --            ; --          ; Top            ;
; POWER_BOARD_THERMAL_MODEL           ; None (CONSERVATIVE)                                   ; --            ; --          ; --             ;
; POWER_PRESET_COOLING_SOLUTION       ; 23 MM HEAT SINK WITH 200 LFPM AIRFLOW                 ; --            ; --          ; --             ;
; PROJECT_OUTPUT_DIRECTORY            ; output_files                                          ; --            ; --          ; --             ;
; SLD_FILE                            ; pll/synthesis/pll.debuginfo                           ; --            ; --          ; --             ;
; SLD_INFO                            ; QSYS_NAME pll HAS_SOPCINFO 1 GENERATION_ID 1456758579 ; --            ; pll         ; --             ;
; SOPCINFO_FILE                       ; pll/synthesis/../../pll.sopcinfo                      ; --            ; --          ; --             ;
; SYNTHESIS_ONLY_QIP                  ; On                                                    ; --            ; --          ; --             ;
+-------------------------------------+-------------------------------------------------------+---------------+-------------+----------------+


+-------------------------------------------------------------------------------------------------------------------------------+
; Flow Elapsed Time                                                                                                             ;
+---------------------------+--------------+-------------------------+---------------------+------------------------------------+
; Module Name               ; Elapsed Time ; Average Processors Used ; Peak Virtual Memory ; Total CPU Time (on all processors) ;
+---------------------------+--------------+-------------------------+---------------------+------------------------------------+
; Analysis & Synthesis      ; 00:00:46     ; 1.0                     ; 920 MB              ; 00:01:37                           ;
; Fitter                    ; 00:01:53     ; 1.1                     ; 2600 MB             ; 00:04:20                           ;
; Assembler                 ; 00:00:14     ; 1.0                     ; 899 MB              ; 00:00:13                           ;
; TimeQuest Timing Analyzer ; 00:00:10     ; 2.3                     ; 1252 MB             ; 00:00:19                           ;
; EDA Netlist Writer        ; 00:00:03     ; 1.0                     ; 923 MB              ; 00:00:03                           ;
; Total                     ; 00:03:06     ; --                      ; --                  ; 00:06:32                           ;
+---------------------------+--------------+-------------------------+---------------------+------------------------------------+


+----------------------------------------------------------------------------------------+
; Flow OS Summary                                                                        ;
+---------------------------+------------------+-----------+------------+----------------+
; Module Name               ; Machine Hostname ; OS Name   ; OS Version ; Processor type ;
+---------------------------+------------------+-----------+------------+----------------+
; Analysis & Synthesis      ; pc-david         ; Windows 8 ; 6.2        ; x86_64         ;
; Fitter                    ; pc-david         ; Windows 8 ; 6.2        ; x86_64         ;
; Assembler                 ; pc-david         ; Windows 8 ; 6.2        ; x86_64         ;
; TimeQuest Timing Analyzer ; pc-david         ; Windows 8 ; 6.2        ; x86_64         ;
; EDA Netlist Writer        ; pc-david         ; Windows 8 ; 6.2        ; x86_64         ;
+---------------------------+------------------+-----------+------------+----------------+


------------
; Flow Log ;
------------
quartus_map --read_settings_files=on --write_settings_files=off vga -c vga
quartus_fit --read_settings_files=off --write_settings_files=off vga -c vga
quartus_asm --read_settings_files=off --write_settings_files=off vga -c vga
quartus_sta vga -c vga
quartus_eda --read_settings_files=off --write_settings_files=off vga -c vga



